# JRE version: Java(TM) SE Runtime Environment (8.0_91-b15) (build 1.8.0_91-b15)
# Java VM: Java HotSpot(TM) 64-Bit Server VM (25.91-b15 mixed mode windows-amd64 compressed oops)
Heap:
 PSYoungGen      total 404992K, used 297513K [0x00000000d6200000, 0x00000000f8080000, 0x0000000100000000)
  eden space 386560K, 76% used [0x00000000d6200000,0x00000000e846a6b8,0x00000000edb80000)
  from space 18432K, 0% used [0x00000000edb80000,0x00000000edba0000,0x00000000eed80000)
  to   space 18944K, 0% used [0x00000000f6e00000,0x00000000f6e00000,0x00000000f8080000)
 ParOldGen       total 81408K, used 37646K [0x0000000082600000, 0x0000000087580000, 0x00000000d6200000)
  object space 81408K, 46% used [0x0000000082600000,0x0000000084ac3b10,0x0000000087580000)
 Metaspace       used 55015K, capacity 55586K, committed 55848K, reserved 1097728K
  class space    used 6764K, capacity 6930K, committed 6952K, reserved 1048576K
GC Heap History (10 events):
Event: 10.818 GC heap before
{Heap before GC invocations=11 (full 1):
 PSYoungGen      total 270848K, used 16103K [0x00000000d6200000, 0x00000000e9000000, 0x0000000100000000)
  eden space 259072K, 1% used [0x00000000d6200000,0x00000000d6639ec0,0x00000000e5f00000)
  from space 11776K, 99% used [0x00000000e5f00000,0x00000000e6a7ffe0,0x00000000e6a80000)
  to   space 14848K, 0% used [0x00000000e8180000,0x00000000e8180000,0x00000000e9000000)
 ParOldGen       total 62464K, used 16322K [0x0000000082600000, 0x0000000086300000, 0x00000000d6200000)
  object space 62464K, 26% used [0x0000000082600000,0x00000000835f0b08,0x0000000086300000)
 Metaspace       used 34860K, capacity 35324K, committed 35496K, reserved 1081344K
  class space    used 4418K, capacity 4508K, committed 4520K, reserved 1048576K
Event: 10.835 GC heap after
Heap after GC invocations=11 (full 1):
 PSYoungGen      total 294912K, used 6101K [0x00000000d6200000, 0x00000000ef800000, 0x0000000100000000)
  eden space 280064K, 0% used [0x00000000d6200000,0x00000000d6200000,0x00000000e7380000)
  from space 14848K, 41% used [0x00000000e8180000,0x00000000e8775730,0x00000000e9000000)
  to   space 14336K, 0% used [0x00000000e7380000,0x00000000e7380000,0x00000000e8180000)
 ParOldGen       total 62464K, used 18838K [0x0000000082600000, 0x0000000086300000, 0x00000000d6200000)
  object space 62464K, 30% used [0x0000000082600000,0x0000000083865b38,0x0000000086300000)
 Metaspace       used 34860K, capacity 35324K, committed 35496K, reserved 1081344K
  class space    used 4418K, capacity 4508K, committed 4520K, reserved 1048576K
}
Event: 10.835 GC heap before
{Heap before GC invocations=12 (full 2):
 PSYoungGen      total 294912K, used 6101K [0x00000000d6200000, 0x00000000ef800000, 0x0000000100000000)
  eden space 280064K, 0% used [0x00000000d6200000,0x00000000d6200000,0x00000000e7380000)
  from space 14848K, 41% used [0x00000000e8180000,0x00000000e8775730,0x00000000e9000000)
  to   space 14336K, 0% used [0x00000000e7380000,0x00000000e7380000,0x00000000e8180000)
 ParOldGen       total 62464K, used 18838K [0x0000000082600000, 0x0000000086300000, 0x00000000d6200000)
  object space 62464K, 30% used [0x0000000082600000,0x0000000083865b38,0x0000000086300000)
 Metaspace       used 34860K, capacity 35324K, committed 35496K, reserved 1081344K
  class space    used 4418K, capacity 4508K, committed 4520K, reserved 1048576K
Event: 10.999 GC heap after
Heap after GC invocations=12 (full 2):
 PSYoungGen      total 294912K, used 0K [0x00000000d6200000, 0x00000000ef800000, 0x0000000100000000)
  eden space 280064K, 0% used [0x00000000d6200000,0x00000000d6200000,0x00000000e7380000)
  from space 14848K, 0% used [0x00000000e8180000,0x00000000e8180000,0x00000000e9000000)
  to   space 14336K, 0% used [0x00000000e7380000,0x00000000e7380000,0x00000000e8180000)
 ParOldGen       total 81408K, used 18885K [0x0000000082600000, 0x0000000087580000, 0x00000000d6200000)
  object space 81408K, 23% used [0x0000000082600000,0x00000000838714f8,0x0000000087580000)
 Metaspace       used 34860K, capacity 35324K, committed 35496K, reserved 1081344K
  class space    used 4418K, capacity 4508K, committed 4520K, reserved 1048576K
}
Event: 15.851 GC heap before
{Heap before GC invocations=13 (full 2):
 PSYoungGen      total 294912K, used 280064K [0x00000000d6200000, 0x00000000ef800000, 0x0000000100000000)
  eden space 280064K, 100% used [0x00000000d6200000,0x00000000e7380000,0x00000000e7380000)
  from space 14848K, 0% used [0x00000000e8180000,0x00000000e8180000,0x00000000e9000000)
  to   space 14336K, 0% used [0x00000000e7380000,0x00000000e7380000,0x00000000e8180000)
 ParOldGen       total 81408K, used 18885K [0x0000000082600000, 0x0000000087580000, 0x00000000d6200000)
  object space 81408K, 23% used [0x0000000082600000,0x00000000838714f8,0x0000000087580000)
 Metaspace       used 48233K, capacity 48710K, committed 49192K, reserved 1091584K
  class space    used 6227K, capacity 6378K, committed 6440K, reserved 1048576K
Event: 15.884 GC heap after
Heap after GC invocations=13 (full 2):
 PSYoungGen      total 294400K, used 14311K [0x00000000d6200000, 0x00000000f0b00000, 0x0000000100000000)
  eden space 280064K, 0% used [0x00000000d6200000,0x00000000d6200000,0x00000000e7380000)
  from space 14336K, 99% used [0x00000000e7380000,0x00000000e8179df0,0x00000000e8180000)
  to   space 18944K, 0% used [0x00000000ef880000,0x00000000ef880000,0x00000000f0b00000)
 ParOldGen       total 81408K, used 26012K [0x0000000082600000, 0x0000000087580000, 0x00000000d6200000)
  object space 81408K, 31% used [0x0000000082600000,0x0000000083f67108,0x0000000087580000)
 Metaspace       used 48233K, capacity 48710K, committed 49192K, reserved 1091584K
  class space    used 6227K, capacity 6378K, committed 6440K, reserved 1048576K
}
Event: 90.614 GC heap before
{Heap before GC invocations=14 (full 2):
 PSYoungGen      total 294400K, used 294375K [0x00000000d6200000, 0x00000000f0b00000, 0x0000000100000000)
  eden space 280064K, 100% used [0x00000000d6200000,0x00000000e7380000,0x00000000e7380000)
  from space 14336K, 99% used [0x00000000e7380000,0x00000000e8179df0,0x00000000e8180000)
  to   space 18944K, 0% used [0x00000000ef880000,0x00000000ef880000,0x00000000f0b00000)
 ParOldGen       total 81408K, used 26012K [0x0000000082600000, 0x0000000087580000, 0x00000000d6200000)
  object space 81408K, 31% used [0x0000000082600000,0x0000000083f67108,0x0000000087580000)
 Metaspace       used 54862K, capacity 55458K, committed 55848K, reserved 1097728K
  class space    used 6760K, capacity 6930K, committed 6952K, reserved 1048576K
Event: 90.638 GC heap after
Heap after GC invocations=14 (full 2):
 PSYoungGen      total 393728K, used 4698K [0x00000000d6200000, 0x00000000eff80000, 0x0000000100000000)
  eden space 386560K, 0% used [0x00000000d6200000,0x00000000d6200000,0x00000000edb80000)
  from space 7168K, 65% used [0x00000000ef880000,0x00000000efd168d8,0x00000000eff80000)
  to   space 18432K, 0% used [0x00000000edb80000,0x00000000edb80000,0x00000000eed80000)
 ParOldGen       total 81408K, used 35890K [0x0000000082600000, 0x0000000087580000, 0x00000000d6200000)
  object space 81408K, 44% used [0x0000000082600000,0x000000008490ca88,0x0000000087580000)
 Metaspace       used 54862K, capacity 55458K, committed 55848K, reserved 1097728K
  class space    used 6760K, capacity 6930K, committed 6952K, reserved 1048576K
}
Event: 110.073 GC heap before
{Heap before GC invocations=15 (full 2):
 PSYoungGen      total 393728K, used 391258K [0x00000000d6200000, 0x00000000eff80000, 0x0000000100000000)
  eden space 386560K, 100% used [0x00000000d6200000,0x00000000edb80000,0x00000000edb80000)
  from space 7168K, 65% used [0x00000000ef880000,0x00000000efd168d8,0x00000000eff80000)
  to   space 18432K, 0% used [0x00000000edb80000,0x00000000edb80000,0x00000000eed80000)
 ParOldGen       total 81408K, used 35890K [0x0000000082600000, 0x0000000087580000, 0x00000000d6200000)
  object space 81408K, 44% used [0x0000000082600000,0x000000008490ca88,0x0000000087580000)
 Metaspace       used 55008K, capacity 55586K, committed 55848K, reserved 1097728K
  class space    used 6761K, capacity 6930K, committed 6952K, reserved 1048576K
Event: 110.081 GC heap after
Heap after GC invocations=15 (full 2):
 PSYoungGen      total 404992K, used 128K [0x00000000d6200000, 0x00000000f8080000, 0x0000000100000000)
  eden space 386560K, 0% used [0x00000000d6200000,0x00000000d6200000,0x00000000edb80000)
  from space 18432K, 0% used [0x00000000edb80000,0x00000000edba0000,0x00000000eed80000)
  to   space 18944K, 0% used [0x00000000f6e00000,0x00000000f6e00000,0x00000000f8080000)
 ParOldGen       total 81408K, used 37646K [0x0000000082600000, 0x0000000087580000, 0x00000000d6200000)
  object space 81408K, 46% used [0x0000000082600000,0x0000000084ac3b10,0x0000000087580000)
 Metaspace       used 55008K, capacity 55586K, committed 55848K, reserved 1097728K
  class space    used 6761K, capacity 6930K, committed 6952K, reserved 1048576K
}

