# JRE version: Java(TM) SE Runtime Environment (8.0_91-b15) (build 1.8.0_91-b15)
# Java VM: Java HotSpot(TM) 64-Bit Server VM (25.91-b15 mixed mode windows-amd64 compressed oops)
Heap:
 PSYoungGen      total 270336K, used 233786K [0x00000000d6200000, 0x00000000ec680000, 0x0000000100000000)
  eden space 256000K, 85% used [0x00000000d6200000,0x00000000e3856048,0x00000000e5c00000)
  from space 14336K, 99% used [0x00000000e6e00000,0x00000000e7bf8888,0x00000000e7c00000)
  to   space 18432K, 0% used [0x00000000e5c00000,0x00000000e5c00000,0x00000000e6e00000)
 ParOldGen       total 103424K, used 31321K [0x0000000082600000, 0x0000000088b00000, 0x00000000d6200000)
  object space 103424K, 30% used [0x0000000082600000,0x00000000844966e0,0x0000000088b00000)
 Metaspace       used 55121K, capacity 55692K, committed 55848K, reserved 1097728K
  class space    used 6784K, capacity 6937K, committed 6952K, reserved 1048576K
GC Heap History (10 events):
Event: 5.261 GC heap before
{Heap before GC invocations=8 (full 1):
 PSYoungGen      total 142336K, used 8980K [0x00000000d6200000, 0x00000000e7900000, 0x0000000100000000)
  eden space 131072K, 0% used [0x00000000d6200000,0x00000000d6200000,0x00000000de200000)
  from space 11264K, 79% used [0x00000000de200000,0x00000000deac5150,0x00000000ded00000)
  to   space 11776K, 0% used [0x00000000e6d80000,0x00000000e6d80000,0x00000000e7900000)
 ParOldGen       total 86016K, used 12145K [0x0000000082600000, 0x0000000087a00000, 0x00000000d6200000)
  object space 86016K, 14% used [0x0000000082600000,0x00000000831dc5b0,0x0000000087a00000)
 Metaspace       used 20914K, capacity 21236K, committed 21296K, reserved 1069056K
  class space    used 2587K, capacity 2681K, committed 2688K, reserved 1048576K
Event: 5.345 GC heap after
Heap after GC invocations=8 (full 1):
 PSYoungGen      total 142336K, used 0K [0x00000000d6200000, 0x00000000e7900000, 0x0000000100000000)
  eden space 131072K, 0% used [0x00000000d6200000,0x00000000d6200000,0x00000000de200000)
  from space 11264K, 0% used [0x00000000de200000,0x00000000de200000,0x00000000ded00000)
  to   space 11776K, 0% used [0x00000000e6d80000,0x00000000e6d80000,0x00000000e7900000)
 ParOldGen       total 67072K, used 14456K [0x0000000082600000, 0x0000000086780000, 0x00000000d6200000)
  object space 67072K, 21% used [0x0000000082600000,0x000000008341e1d8,0x0000000086780000)
 Metaspace       used 20914K, capacity 21236K, committed 21296K, reserved 1069056K
  class space    used 2587K, capacity 2681K, committed 2688K, reserved 1048576K
}
Event: 7.590 GC heap before
{Heap before GC invocations=9 (full 1):
 PSYoungGen      total 142336K, used 131072K [0x00000000d6200000, 0x00000000e7900000, 0x0000000100000000)
  eden space 131072K, 100% used [0x00000000d6200000,0x00000000de200000,0x00000000de200000)
  from space 11264K, 0% used [0x00000000de200000,0x00000000de200000,0x00000000ded00000)
  to   space 11776K, 0% used [0x00000000e6d80000,0x00000000e6d80000,0x00000000e7900000)
 ParOldGen       total 67072K, used 14456K [0x0000000082600000, 0x0000000086780000, 0x00000000d6200000)
  object space 67072K, 21% used [0x0000000082600000,0x000000008341e1d8,0x0000000086780000)
 Metaspace       used 26032K, capacity 26396K, committed 26496K, reserved 1073152K
  class space    used 3303K, capacity 3404K, committed 3456K, reserved 1048576K
Event: 7.607 GC heap after
Heap after GC invocations=9 (full 1):
 PSYoungGen      total 209408K, used 8424K [0x00000000d6200000, 0x00000000e7600000, 0x0000000100000000)
  eden space 200704K, 0% used [0x00000000d6200000,0x00000000d6200000,0x00000000e2600000)
  from space 8704K, 96% used [0x00000000e6d80000,0x00000000e75ba1a0,0x00000000e7600000)
  to   space 11776K, 0% used [0x00000000e5f00000,0x00000000e5f00000,0x00000000e6a80000)
 ParOldGen       total 67072K, used 14456K [0x0000000082600000, 0x0000000086780000, 0x00000000d6200000)
  object space 67072K, 21% used [0x0000000082600000,0x000000008341e1d8,0x0000000086780000)
 Metaspace       used 26032K, capacity 26396K, committed 26496K, reserved 1073152K
  class space    used 3303K, capacity 3404K, committed 3456K, reserved 1048576K
}
Event: 10.196 GC heap before
{Heap before GC invocations=10 (full 1):
 PSYoungGen      total 209408K, used 183564K [0x00000000d6200000, 0x00000000e7600000, 0x0000000100000000)
  eden space 200704K, 87% used [0x00000000d6200000,0x00000000e0d09048,0x00000000e2600000)
  from space 8704K, 96% used [0x00000000e6d80000,0x00000000e75ba1a0,0x00000000e7600000)
  to   space 11776K, 0% used [0x00000000e5f00000,0x00000000e5f00000,0x00000000e6a80000)
 ParOldGen       total 67072K, used 14456K [0x0000000082600000, 0x0000000086780000, 0x00000000d6200000)
  object space 67072K, 21% used [0x0000000082600000,0x000000008341e1d8,0x0000000086780000)
 Metaspace       used 34857K, capacity 35324K, committed 35496K, reserved 1081344K
  class space    used 4417K, capacity 4508K, committed 4520K, reserved 1048576K
Event: 10.214 GC heap after
Heap after GC invocations=10 (full 1):
 PSYoungGen      total 270848K, used 11775K [0x00000000d6200000, 0x00000000e7c00000, 0x0000000100000000)
  eden space 259072K, 0% used [0x00000000d6200000,0x00000000d6200000,0x00000000e5f00000)
  from space 11776K, 99% used [0x00000000e5f00000,0x00000000e6a7fe90,0x00000000e6a80000)
  to   space 14336K, 0% used [0x00000000e6e00000,0x00000000e6e00000,0x00000000e7c00000)
 ParOldGen       total 67072K, used 17362K [0x0000000082600000, 0x0000000086780000, 0x00000000d6200000)
  object space 67072K, 25% used [0x0000000082600000,0x00000000836f4920,0x0000000086780000)
 Metaspace       used 34857K, capacity 35324K, committed 35496K, reserved 1081344K
  class space    used 4417K, capacity 4508K, committed 4520K, reserved 1048576K
}
Event: 10.214 GC heap before
{Heap before GC invocations=11 (full 2):
 PSYoungGen      total 270848K, used 11775K [0x00000000d6200000, 0x00000000e7c00000, 0x0000000100000000)
  eden space 259072K, 0% used [0x00000000d6200000,0x00000000d6200000,0x00000000e5f00000)
  from space 11776K, 99% used [0x00000000e5f00000,0x00000000e6a7fe90,0x00000000e6a80000)
  to   space 14336K, 0% used [0x00000000e6e00000,0x00000000e6e00000,0x00000000e7c00000)
 ParOldGen       total 67072K, used 17362K [0x0000000082600000, 0x0000000086780000, 0x00000000d6200000)
  object space 67072K, 25% used [0x0000000082600000,0x00000000836f4920,0x0000000086780000)
 Metaspace       used 34857K, capacity 35324K, committed 35496K, reserved 1081344K
  class space    used 4417K, capacity 4508K, committed 4520K, reserved 1048576K
Event: 10.309 GC heap after
Heap after GC invocations=11 (full 2):
 PSYoungGen      total 270848K, used 0K [0x00000000d6200000, 0x00000000e7c00000, 0x0000000100000000)
  eden space 259072K, 0% used [0x00000000d6200000,0x00000000d6200000,0x00000000e5f00000)
  from space 11776K, 0% used [0x00000000e5f00000,0x00000000e5f00000,0x00000000e6a80000)
  to   space 14336K, 0% used [0x00000000e6e00000,0x00000000e6e00000,0x00000000e7c00000)
 ParOldGen       total 103424K, used 24942K [0x0000000082600000, 0x0000000088b00000, 0x00000000d6200000)
  object space 103424K, 24% used [0x0000000082600000,0x0000000083e5bb08,0x0000000088b00000)
 Metaspace       used 34857K, capacity 35324K, committed 35496K, reserved 1081344K
  class space    used 4417K, capacity 4508K, committed 4520K, reserved 1048576K
}
Event: 14.799 GC heap before
{Heap before GC invocations=12 (full 2):
 PSYoungGen      total 270848K, used 259072K [0x00000000d6200000, 0x00000000e7c00000, 0x0000000100000000)
  eden space 259072K, 100% used [0x00000000d6200000,0x00000000e5f00000,0x00000000e5f00000)
  from space 11776K, 0% used [0x00000000e5f00000,0x00000000e5f00000,0x00000000e6a80000)
  to   space 14336K, 0% used [0x00000000e6e00000,0x00000000e6e00000,0x00000000e7c00000)
 ParOldGen       total 103424K, used 24942K [0x0000000082600000, 0x0000000088b00000, 0x00000000d6200000)
  object space 103424K, 24% used [0x0000000082600000,0x0000000083e5bb08,0x0000000088b00000)
 Metaspace       used 47929K, capacity 48454K, committed 48936K, reserved 1091584K
  class space    used 6190K, capacity 6314K, committed 6440K, reserved 1048576K
Event: 14.846 GC heap after
Heap after GC invocations=12 (full 2):
 PSYoungGen      total 270336K, used 14306K [0x00000000d6200000, 0x00000000ec680000, 0x0000000100000000)
  eden space 256000K, 0% used [0x00000000d6200000,0x00000000d6200000,0x00000000e5c00000)
  from space 14336K, 99% used [0x00000000e6e00000,0x00000000e7bf8888,0x00000000e7c00000)
  to   space 18432K, 0% used [0x00000000e5c00000,0x00000000e5c00000,0x00000000e6e00000)
 ParOldGen       total 103424K, used 31321K [0x0000000082600000, 0x0000000088b00000, 0x00000000d6200000)
  object space 103424K, 30% used [0x0000000082600000,0x00000000844966e0,0x0000000088b00000)
 Metaspace       used 47929K, capacity 48454K, committed 48936K, reserved 1091584K
  class space    used 6190K, capacity 6314K, committed 6440K, reserved 1048576K
}

