# JRE version: Java(TM) SE Runtime Environment (8.0_91-b15) (build 1.8.0_91-b15)
# Java VM: Java HotSpot(TM) 64-Bit Server VM (25.91-b15 mixed mode windows-amd64 compressed oops)
Heap:
 PSYoungGen      total 141824K, used 23903K [0x00000000d6200000, 0x00000000df800000, 0x0000000100000000)
  eden space 131072K, 18% used [0x00000000d6200000,0x00000000d7957e28,0x00000000de200000)
  from space 10752K, 0% used [0x00000000ded80000,0x00000000ded80000,0x00000000df800000)
  to   space 11264K, 0% used [0x00000000de200000,0x00000000de200000,0x00000000ded00000)
 ParOldGen       total 95744K, used 22749K [0x0000000082600000, 0x0000000088380000, 0x00000000d6200000)
  object space 95744K, 23% used [0x0000000082600000,0x0000000083c37708,0x0000000088380000)
 Metaspace       used 37155K, capacity 37566K, committed 37928K, reserved 1083392K
  class space    used 4729K, capacity 4830K, committed 4904K, reserved 1048576K
GC Heap History (10 events):
Event: 7.712 GC heap before
{Heap before GC invocations=8 (full 1):
 PSYoungGen      total 142336K, used 5440K [0x00000000d6200000, 0x00000000df800000, 0x0000000100000000)
  eden space 131072K, 0% used [0x00000000d6200000,0x00000000d6200000,0x00000000de200000)
  from space 11264K, 48% used [0x00000000de200000,0x00000000de750210,0x00000000ded00000)
  to   space 10752K, 0% used [0x00000000ded80000,0x00000000ded80000,0x00000000df800000)
 ParOldGen       total 86016K, used 12221K [0x0000000082600000, 0x0000000087a00000, 0x00000000d6200000)
  object space 86016K, 14% used [0x0000000082600000,0x00000000831ef548,0x0000000087a00000)
 Metaspace       used 20846K, capacity 21198K, committed 21296K, reserved 1069056K
  class space    used 2564K, capacity 2648K, committed 2688K, reserved 1048576K
Event: 7.802 GC heap after
Heap after GC invocations=8 (full 1):
 PSYoungGen      total 142336K, used 0K [0x00000000d6200000, 0x00000000df800000, 0x0000000100000000)
  eden space 131072K, 0% used [0x00000000d6200000,0x00000000d6200000,0x00000000de200000)
  from space 11264K, 0% used [0x00000000de200000,0x00000000de200000,0x00000000ded00000)
  to   space 10752K, 0% used [0x00000000ded80000,0x00000000ded80000,0x00000000df800000)
 ParOldGen       total 59904K, used 11097K [0x0000000082600000, 0x0000000086080000, 0x00000000d6200000)
  object space 59904K, 18% used [0x0000000082600000,0x00000000830d6418,0x0000000086080000)
 Metaspace       used 20846K, capacity 21198K, committed 21296K, reserved 1069056K
  class space    used 2564K, capacity 2648K, committed 2688K, reserved 1048576K
}
Event: 11.689 GC heap before
{Heap before GC invocations=9 (full 1):
 PSYoungGen      total 142336K, used 131072K [0x00000000d6200000, 0x00000000df800000, 0x0000000100000000)
  eden space 131072K, 100% used [0x00000000d6200000,0x00000000de200000,0x00000000de200000)
  from space 11264K, 0% used [0x00000000de200000,0x00000000de200000,0x00000000ded00000)
  to   space 10752K, 0% used [0x00000000ded80000,0x00000000ded80000,0x00000000df800000)
 ParOldGen       total 59904K, used 11097K [0x0000000082600000, 0x0000000086080000, 0x00000000d6200000)
  object space 59904K, 18% used [0x0000000082600000,0x00000000830d6418,0x0000000086080000)
 Metaspace       used 24113K, capacity 24460K, committed 24704K, reserved 1071104K
  class space    used 3026K, capacity 3108K, committed 3200K, reserved 1048576K
Event: 11.708 GC heap after
Heap after GC invocations=9 (full 1):
 PSYoungGen      total 141824K, used 8808K [0x00000000d6200000, 0x00000000df800000, 0x0000000100000000)
  eden space 131072K, 0% used [0x00000000d6200000,0x00000000d6200000,0x00000000de200000)
  from space 10752K, 81% used [0x00000000ded80000,0x00000000df61a188,0x00000000df800000)
  to   space 11264K, 0% used [0x00000000de200000,0x00000000de200000,0x00000000ded00000)
 ParOldGen       total 59904K, used 11097K [0x0000000082600000, 0x0000000086080000, 0x00000000d6200000)
  object space 59904K, 18% used [0x0000000082600000,0x00000000830d6418,0x0000000086080000)
 Metaspace       used 24113K, capacity 24460K, committed 24704K, reserved 1071104K
  class space    used 3026K, capacity 3108K, committed 3200K, reserved 1048576K
}
Event: 15.561 GC heap before
{Heap before GC invocations=10 (full 1):
 PSYoungGen      total 141824K, used 139880K [0x00000000d6200000, 0x00000000df800000, 0x0000000100000000)
  eden space 131072K, 100% used [0x00000000d6200000,0x00000000de200000,0x00000000de200000)
  from space 10752K, 81% used [0x00000000ded80000,0x00000000df61a188,0x00000000df800000)
  to   space 11264K, 0% used [0x00000000de200000,0x00000000de200000,0x00000000ded00000)
 ParOldGen       total 59904K, used 11097K [0x0000000082600000, 0x0000000086080000, 0x00000000d6200000)
  object space 59904K, 18% used [0x0000000082600000,0x00000000830d6418,0x0000000086080000)
 Metaspace       used 28824K, capacity 29276K, committed 29440K, reserved 1075200K
  class space    used 3612K, capacity 3724K, committed 3840K, reserved 1048576K
Event: 15.594 GC heap after
Heap after GC invocations=10 (full 1):
 PSYoungGen      total 142336K, used 9414K [0x00000000d6200000, 0x00000000df800000, 0x0000000100000000)
  eden space 131072K, 0% used [0x00000000d6200000,0x00000000d6200000,0x00000000de200000)
  from space 11264K, 83% used [0x00000000de200000,0x00000000deb318d8,0x00000000ded00000)
  to   space 10752K, 0% used [0x00000000ded80000,0x00000000ded80000,0x00000000df800000)
 ParOldGen       total 59904K, used 11105K [0x0000000082600000, 0x0000000086080000, 0x00000000d6200000)
  object space 59904K, 18% used [0x0000000082600000,0x00000000830d8418,0x0000000086080000)
 Metaspace       used 28824K, capacity 29276K, committed 29440K, reserved 1075200K
  class space    used 3612K, capacity 3724K, committed 3840K, reserved 1048576K
}
Event: 18.536 GC heap before
{Heap before GC invocations=11 (full 1):
 PSYoungGen      total 142336K, used 92799K [0x00000000d6200000, 0x00000000df800000, 0x0000000100000000)
  eden space 131072K, 63% used [0x00000000d6200000,0x00000000db36e328,0x00000000de200000)
  from space 11264K, 83% used [0x00000000de200000,0x00000000deb318d8,0x00000000ded00000)
  to   space 10752K, 0% used [0x00000000ded80000,0x00000000ded80000,0x00000000df800000)
 ParOldGen       total 59904K, used 11105K [0x0000000082600000, 0x0000000086080000, 0x00000000d6200000)
  object space 59904K, 18% used [0x0000000082600000,0x00000000830d8418,0x0000000086080000)
 Metaspace       used 34938K, capacity 35388K, committed 35496K, reserved 1081344K
  class space    used 4420K, capacity 4508K, committed 4520K, reserved 1048576K
Event: 18.564 GC heap after
Heap after GC invocations=11 (full 1):
 PSYoungGen      total 141824K, used 10505K [0x00000000d6200000, 0x00000000df800000, 0x0000000100000000)
  eden space 131072K, 0% used [0x00000000d6200000,0x00000000d6200000,0x00000000de200000)
  from space 10752K, 97% used [0x00000000ded80000,0x00000000df7c2470,0x00000000df800000)
  to   space 11264K, 0% used [0x00000000de200000,0x00000000de200000,0x00000000ded00000)
 ParOldGen       total 59904K, used 13445K [0x0000000082600000, 0x0000000086080000, 0x00000000d6200000)
  object space 59904K, 22% used [0x0000000082600000,0x0000000083321448,0x0000000086080000)
 Metaspace       used 34938K, capacity 35388K, committed 35496K, reserved 1081344K
  class space    used 4420K, capacity 4508K, committed 4520K, reserved 1048576K
}
Event: 18.564 GC heap before
{Heap before GC invocations=12 (full 2):
 PSYoungGen      total 141824K, used 10505K [0x00000000d6200000, 0x00000000df800000, 0x0000000100000000)
  eden space 131072K, 0% used [0x00000000d6200000,0x00000000d6200000,0x00000000de200000)
  from space 10752K, 97% used [0x00000000ded80000,0x00000000df7c2470,0x00000000df800000)
  to   space 11264K, 0% used [0x00000000de200000,0x00000000de200000,0x00000000ded00000)
 ParOldGen       total 59904K, used 13445K [0x0000000082600000, 0x0000000086080000, 0x00000000d6200000)
  object space 59904K, 22% used [0x0000000082600000,0x0000000083321448,0x0000000086080000)
 Metaspace       used 34938K, capacity 35388K, committed 35496K, reserved 1081344K
  class space    used 4420K, capacity 4508K, committed 4520K, reserved 1048576K
Event: 18.833 GC heap after
Heap after GC invocations=12 (full 2):
 PSYoungGen      total 141824K, used 0K [0x00000000d6200000, 0x00000000df800000, 0x0000000100000000)
  eden space 131072K, 0% used [0x00000000d6200000,0x00000000d6200000,0x00000000de200000)
  from space 10752K, 0% used [0x00000000ded80000,0x00000000ded80000,0x00000000df800000)
  to   space 11264K, 0% used [0x00000000de200000,0x00000000de200000,0x00000000ded00000)
 ParOldGen       total 95744K, used 22749K [0x0000000082600000, 0x0000000088380000, 0x00000000d6200000)
  object space 95744K, 23% used [0x0000000082600000,0x0000000083c37708,0x0000000088380000)
 Metaspace       used 34938K, capacity 35388K, committed 35496K, reserved 1081344K
  class space    used 4420K, capacity 4508K, committed 4520K, reserved 1048576K
}

